1737716364.543350 client started (46477): version 3.2a, socket /tmp/tmux-1000/default, protocol 8
1737716364.543402 on Linux 6.8.0-51-generic #52~22.04.1-Ubuntu SMP PREEMPT_DYNAMIC Mon Dec  9 15:00:52 UTC 2
1737716364.543413 using libevent 2.1.12-stable (poll); ncurses 6.3
1737716364.543461 flags are 0x18010000
1737716364.543469 socket is /tmp/tmux-1000/default
1737716364.543493 trying connect
1737716364.543645 add peer 0x5cc81f97e6a0: 6 ((nil))
1737716364.544363 sending message 100 to peer 0x5cc81f97e6a0 (4 bytes)
1737716364.544384 sending message 111 to peer 0x5cc81f97e6a0 (8 bytes)
1737716364.544393 sending message 101 to peer 0x5cc81f97e6a0 (15 bytes)
1737716364.544401 sending message 109 to peer 0x5cc81f97e6a0 (4 bytes)
1737716364.544410 sending message 102 to peer 0x5cc81f97e6a0 (11 bytes)
1737716364.544418 sending message 108 to peer 0x5cc81f97e6a0 (18 bytes)
1737716364.544426 sending message 112 to peer 0x5cc81f97e6a0 (58 bytes)
1737716364.544434 sending message 112 to peer 0x5cc81f97e6a0 (5 bytes)
1737716364.544442 sending message 112 to peer 0x5cc81f97e6a0 (5 bytes)
1737716364.544450 sending message 112 to peer 0x5cc81f97e6a0 (6 bytes)
1737716364.544458 sending message 112 to peer 0x5cc81f97e6a0 (6 bytes)
1737716364.544466 sending message 112 to peer 0x5cc81f97e6a0 (11 bytes)
1737716364.544473 sending message 112 to peer 0x5cc81f97e6a0 (10 bytes)
1737716364.544481 sending message 112 to peer 0x5cc81f97e6a0 (13 bytes)
1737716364.544489 sending message 112 to peer 0x5cc81f97e6a0 (14 bytes)
1737716364.544496 sending message 112 to peer 0x5cc81f97e6a0 (19 bytes)
1737716364.544505 sending message 112 to peer 0x5cc81f97e6a0 (11 bytes)
1737716364.544513 sending message 112 to peer 0x5cc81f97e6a0 (10 bytes)
1737716364.544520 sending message 112 to peer 0x5cc81f97e6a0 (15 bytes)
1737716364.544528 sending message 112 to peer 0x5cc81f97e6a0 (21 bytes)
1737716364.544536 sending message 112 to peer 0x5cc81f97e6a0 (13 bytes)
1737716364.544543 sending message 112 to peer 0x5cc81f97e6a0 (7 bytes)
1737716364.544552 sending message 112 to peer 0x5cc81f97e6a0 (13 bytes)
1737716364.544560 sending message 112 to peer 0x5cc81f97e6a0 (7 bytes)
1737716364.544568 sending message 112 to peer 0x5cc81f97e6a0 (13 bytes)
1737716364.544576 sending message 112 to peer 0x5cc81f97e6a0 (9 bytes)
1737716364.544584 sending message 112 to peer 0x5cc81f97e6a0 (21 bytes)
1737716364.544592 sending message 112 to peer 0x5cc81f97e6a0 (13 bytes)
1737716364.544600 sending message 112 to peer 0x5cc81f97e6a0 (9 bytes)
1737716364.544608 sending message 112 to peer 0x5cc81f97e6a0 (16 bytes)
1737716364.544615 sending message 112 to peer 0x5cc81f97e6a0 (13 bytes)
1737716364.544624 sending message 112 to peer 0x5cc81f97e6a0 (9 bytes)
1737716364.544632 sending message 112 to peer 0x5cc81f97e6a0 (9 bytes)
1737716364.544639 sending message 112 to peer 0x5cc81f97e6a0 (12 bytes)
1737716364.544647 sending message 112 to peer 0x5cc81f97e6a0 (8 bytes)
1737716364.544655 sending message 112 to peer 0x5cc81f97e6a0 (8 bytes)
1737716364.544663 sending message 112 to peer 0x5cc81f97e6a0 (13 bytes)
1737716364.544671 sending message 112 to peer 0x5cc81f97e6a0 (7 bytes)
1737716364.544678 sending message 112 to peer 0x5cc81f97e6a0 (7 bytes)
1737716364.544686 sending message 112 to peer 0x5cc81f97e6a0 (9 bytes)
1737716364.544694 sending message 112 to peer 0x5cc81f97e6a0 (9 bytes)
1737716364.544701 sending message 112 to peer 0x5cc81f97e6a0 (15 bytes)
1737716364.544709 sending message 112 to peer 0x5cc81f97e6a0 (13 bytes)
1737716364.544717 sending message 112 to peer 0x5cc81f97e6a0 (12 bytes)
1737716364.544725 sending message 112 to peer 0x5cc81f97e6a0 (8 bytes)
1737716364.544733 sending message 112 to peer 0x5cc81f97e6a0 (14 bytes)
1737716364.544741 sending message 112 to peer 0x5cc81f97e6a0 (11 bytes)
1737716364.544749 sending message 112 to peer 0x5cc81f97e6a0 (9 bytes)
1737716364.544757 sending message 112 to peer 0x5cc81f97e6a0 (10 bytes)
1737716364.544765 sending message 112 to peer 0x5cc81f97e6a0 (10 bytes)
1737716364.544772 sending message 112 to peer 0x5cc81f97e6a0 (10 bytes)
1737716364.544793 sending message 112 to peer 0x5cc81f97e6a0 (10 bytes)
1737716364.544801 sending message 112 to peer 0x5cc81f97e6a0 (11 bytes)
1737716364.544808 sending message 112 to peer 0x5cc81f97e6a0 (12 bytes)
1737716364.544816 sending message 112 to peer 0x5cc81f97e6a0 (12 bytes)
1737716364.544842 sending message 112 to peer 0x5cc81f97e6a0 (12 bytes)
1737716364.544850 sending message 112 to peer 0x5cc81f97e6a0 (12 bytes)
1737716364.544858 sending message 112 to peer 0x5cc81f97e6a0 (12 bytes)
1737716364.544866 sending message 112 to peer 0x5cc81f97e6a0 (11 bytes)
1737716364.544877 sending message 112 to peer 0x5cc81f97e6a0 (11 bytes)
1737716364.544885 sending message 112 to peer 0x5cc81f97e6a0 (12 bytes)
1737716364.544893 sending message 112 to peer 0x5cc81f97e6a0 (12 bytes)
1737716364.544901 sending message 112 to peer 0x5cc81f97e6a0 (12 bytes)
1737716364.544909 sending message 112 to peer 0x5cc81f97e6a0 (12 bytes)
1737716364.544916 sending message 112 to peer 0x5cc81f97e6a0 (12 bytes)
1737716364.544924 sending message 112 to peer 0x5cc81f97e6a0 (9 bytes)
1737716364.544932 sending message 112 to peer 0x5cc81f97e6a0 (12 bytes)
1737716364.544940 sending message 112 to peer 0x5cc81f97e6a0 (13 bytes)
1737716364.544947 sending message 112 to peer 0x5cc81f97e6a0 (13 bytes)
1737716364.544955 sending message 112 to peer 0x5cc81f97e6a0 (13 bytes)
1737716364.544964 sending message 112 to peer 0x5cc81f97e6a0 (13 bytes)
1737716364.544971 sending message 112 to peer 0x5cc81f97e6a0 (13 bytes)
1737716364.544979 sending message 112 to peer 0x5cc81f97e6a0 (8 bytes)
1737716364.544987 sending message 112 to peer 0x5cc81f97e6a0 (11 bytes)
1737716364.544995 sending message 112 to peer 0x5cc81f97e6a0 (11 bytes)
1737716364.545003 sending message 112 to peer 0x5cc81f97e6a0 (11 bytes)
1737716364.545011 sending message 112 to peer 0x5cc81f97e6a0 (12 bytes)
1737716364.545018 sending message 112 to peer 0x5cc81f97e6a0 (12 bytes)
1737716364.545026 sending message 112 to peer 0x5cc81f97e6a0 (12 bytes)
1737716364.545034 sending message 112 to peer 0x5cc81f97e6a0 (12 bytes)
1737716364.545042 sending message 112 to peer 0x5cc81f97e6a0 (13 bytes)
1737716364.545049 sending message 112 to peer 0x5cc81f97e6a0 (13 bytes)
1737716364.545057 sending message 112 to peer 0x5cc81f97e6a0 (13 bytes)
1737716364.545065 sending message 112 to peer 0x5cc81f97e6a0 (8 bytes)
1737716364.545073 sending message 112 to peer 0x5cc81f97e6a0 (13 bytes)
1737716364.545080 sending message 112 to peer 0x5cc81f97e6a0 (13 bytes)
1737716364.545088 sending message 112 to peer 0x5cc81f97e6a0 (13 bytes)
1737716364.545096 sending message 112 to peer 0x5cc81f97e6a0 (13 bytes)
1737716364.545103 sending message 112 to peer 0x5cc81f97e6a0 (13 bytes)
1737716364.545111 sending message 112 to peer 0x5cc81f97e6a0 (12 bytes)
1737716364.545119 sending message 112 to peer 0x5cc81f97e6a0 (12 bytes)
1737716364.545127 sending message 112 to peer 0x5cc81f97e6a0 (12 bytes)
1737716364.545135 sending message 112 to peer 0x5cc81f97e6a0 (12 bytes)
1737716364.545143 sending message 112 to peer 0x5cc81f97e6a0 (13 bytes)
1737716364.545150 sending message 112 to peer 0x5cc81f97e6a0 (8 bytes)
1737716364.545158 sending message 112 to peer 0x5cc81f97e6a0 (13 bytes)
1737716364.545166 sending message 112 to peer 0x5cc81f97e6a0 (13 bytes)
1737716364.545173 sending message 112 to peer 0x5cc81f97e6a0 (13 bytes)
1737716364.545181 sending message 112 to peer 0x5cc81f97e6a0 (13 bytes)
1737716364.545189 sending message 112 to peer 0x5cc81f97e6a0 (13 bytes)
1737716364.545197 sending message 112 to peer 0x5cc81f97e6a0 (13 bytes)
1737716364.545204 sending message 112 to peer 0x5cc81f97e6a0 (13 bytes)
1737716364.545212 sending message 112 to peer 0x5cc81f97e6a0 (12 bytes)
1737716364.545221 sending message 112 to peer 0x5cc81f97e6a0 (12 bytes)
1737716364.545229 sending message 112 to peer 0x5cc81f97e6a0 (12 bytes)
1737716364.545237 sending message 112 to peer 0x5cc81f97e6a0 (8 bytes)
1737716364.545245 sending message 112 to peer 0x5cc81f97e6a0 (12 bytes)
1737716364.545252 sending message 112 to peer 0x5cc81f97e6a0 (13 bytes)
1737716364.545266 sending message 112 to peer 0x5cc81f97e6a0 (13 bytes)
1737716364.545274 sending message 112 to peer 0x5cc81f97e6a0 (13 bytes)
1737716364.545282 sending message 112 to peer 0x5cc81f97e6a0 (13 bytes)
1737716364.545290 sending message 112 to peer 0x5cc81f97e6a0 (13 bytes)
1737716364.545297 sending message 112 to peer 0x5cc81f97e6a0 (13 bytes)
1737716364.545305 sending message 112 to peer 0x5cc81f97e6a0 (13 bytes)
1737716364.545313 sending message 112 to peer 0x5cc81f97e6a0 (13 bytes)
1737716364.545320 sending message 112 to peer 0x5cc81f97e6a0 (12 bytes)
1737716364.545328 sending message 112 to peer 0x5cc81f97e6a0 (10 bytes)
1737716364.545336 sending message 112 to peer 0x5cc81f97e6a0 (12 bytes)
1737716364.545343 sending message 112 to peer 0x5cc81f97e6a0 (12 bytes)
1737716364.545351 sending message 112 to peer 0x5cc81f97e6a0 (12 bytes)
1737716364.545359 sending message 112 to peer 0x5cc81f97e6a0 (13 bytes)
1737716364.545367 sending message 112 to peer 0x5cc81f97e6a0 (13 bytes)
1737716364.545375 sending message 112 to peer 0x5cc81f97e6a0 (13 bytes)
1737716364.545382 sending message 112 to peer 0x5cc81f97e6a0 (13 bytes)
1737716364.545390 sending message 112 to peer 0x5cc81f97e6a0 (13 bytes)
1737716364.545398 sending message 112 to peer 0x5cc81f97e6a0 (13 bytes)
1737716364.545406 sending message 112 to peer 0x5cc81f97e6a0 (13 bytes)
1737716364.545414 sending message 112 to peer 0x5cc81f97e6a0 (10 bytes)
1737716364.545421 sending message 112 to peer 0x5cc81f97e6a0 (13 bytes)
1737716364.545429 sending message 112 to peer 0x5cc81f97e6a0 (12 bytes)
1737716364.545437 sending message 112 to peer 0x5cc81f97e6a0 (12 bytes)
1737716364.545444 sending message 112 to peer 0x5cc81f97e6a0 (12 bytes)
1737716364.545452 sending message 112 to peer 0x5cc81f97e6a0 (10 bytes)
1737716364.545460 sending message 112 to peer 0x5cc81f97e6a0 (10 bytes)
1737716364.545468 sending message 112 to peer 0x5cc81f97e6a0 (10 bytes)
1737716364.545476 sending message 112 to peer 0x5cc81f97e6a0 (12 bytes)
1737716364.545484 sending message 112 to peer 0x5cc81f97e6a0 (13 bytes)
1737716364.545491 sending message 112 to peer 0x5cc81f97e6a0 (13 bytes)
1737716364.545499 sending message 112 to peer 0x5cc81f97e6a0 (13 bytes)
1737716364.545507 sending message 112 to peer 0x5cc81f97e6a0 (13 bytes)
1737716364.545514 sending message 112 to peer 0x5cc81f97e6a0 (13 bytes)
1737716364.545522 sending message 112 to peer 0x5cc81f97e6a0 (10 bytes)
1737716364.545530 sending message 112 to peer 0x5cc81f97e6a0 (11 bytes)
1737716364.545538 sending message 112 to peer 0x5cc81f97e6a0 (12 bytes)
1737716364.545545 sending message 112 to peer 0x5cc81f97e6a0 (12 bytes)
1737716364.545553 sending message 112 to peer 0x5cc81f97e6a0 (12 bytes)
1737716364.545560 sending message 112 to peer 0x5cc81f97e6a0 (12 bytes)
1737716364.545568 sending message 112 to peer 0x5cc81f97e6a0 (12 bytes)
1737716364.545576 sending message 112 to peer 0x5cc81f97e6a0 (11 bytes)
1737716364.545584 sending message 112 to peer 0x5cc81f97e6a0 (12 bytes)
1737716364.545592 sending message 112 to peer 0x5cc81f97e6a0 (12 bytes)
1737716364.545600 sending message 112 to peer 0x5cc81f97e6a0 (13 bytes)
1737716364.545607 sending message 112 to peer 0x5cc81f97e6a0 (13 bytes)
1737716364.545615 sending message 112 to peer 0x5cc81f97e6a0 (13 bytes)
1737716364.545623 sending message 112 to peer 0x5cc81f97e6a0 (13 bytes)
1737716364.545630 sending message 112 to peer 0x5cc81f97e6a0 (13 bytes)
1737716364.545638 sending message 112 to peer 0x5cc81f97e6a0 (10 bytes)
1737716364.545646 sending message 112 to peer 0x5cc81f97e6a0 (9 bytes)
1737716364.545653 sending message 112 to peer 0x5cc81f97e6a0 (12 bytes)
1737716364.545661 sending message 112 to peer 0x5cc81f97e6a0 (13 bytes)
1737716364.545669 sending message 112 to peer 0x5cc81f97e6a0 (13 bytes)
1737716364.545677 sending message 112 to peer 0x5cc81f97e6a0 (13 bytes)
1737716364.545685 sending message 112 to peer 0x5cc81f97e6a0 (13 bytes)
1737716364.545693 sending message 112 to peer 0x5cc81f97e6a0 (13 bytes)
1737716364.545701 sending message 112 to peer 0x5cc81f97e6a0 (9 bytes)
1737716364.545714 sending message 112 to peer 0x5cc81f97e6a0 (12 bytes)
1737716364.545722 sending message 112 to peer 0x5cc81f97e6a0 (13 bytes)
1737716364.545729 sending message 112 to peer 0x5cc81f97e6a0 (13 bytes)
1737716364.545737 sending message 112 to peer 0x5cc81f97e6a0 (13 bytes)
1737716364.545745 sending message 112 to peer 0x5cc81f97e6a0 (13 bytes)
1737716364.545752 sending message 112 to peer 0x5cc81f97e6a0 (13 bytes)
1737716364.545760 sending message 112 to peer 0x5cc81f97e6a0 (11 bytes)
1737716364.545768 sending message 112 to peer 0x5cc81f97e6a0 (12 bytes)
1737716364.545775 sending message 112 to peer 0x5cc81f97e6a0 (13 bytes)
1737716364.545783 sending message 112 to peer 0x5cc81f97e6a0 (13 bytes)
1737716364.545790 sending message 112 to peer 0x5cc81f97e6a0 (13 bytes)
1737716364.545798 sending message 112 to peer 0x5cc81f97e6a0 (13 bytes)
1737716364.545811 sending message 112 to peer 0x5cc81f97e6a0 (13 bytes)
1737716364.545819 sending message 112 to peer 0x5cc81f97e6a0 (11 bytes)
1737716364.545840 sending message 112 to peer 0x5cc81f97e6a0 (12 bytes)
1737716364.545848 sending message 112 to peer 0x5cc81f97e6a0 (12 bytes)
1737716364.545855 sending message 112 to peer 0x5cc81f97e6a0 (12 bytes)
1737716364.545863 sending message 112 to peer 0x5cc81f97e6a0 (12 bytes)
1737716364.545870 sending message 112 to peer 0x5cc81f97e6a0 (12 bytes)
1737716364.545878 sending message 112 to peer 0x5cc81f97e6a0 (21 bytes)
1737716364.545885 sending message 112 to peer 0x5cc81f97e6a0 (12 bytes)
1737716364.545893 sending message 112 to peer 0x5cc81f97e6a0 (9 bytes)
1737716364.545901 sending message 112 to peer 0x5cc81f97e6a0 (6 bytes)
1737716364.545908 sending message 112 to peer 0x5cc81f97e6a0 (13 bytes)
1737716364.545916 sending message 112 to peer 0x5cc81f97e6a0 (10 bytes)
1737716364.545923 sending message 112 to peer 0x5cc81f97e6a0 (24 bytes)
1737716364.545931 sending message 112 to peer 0x5cc81f97e6a0 (13 bytes)
1737716364.545938 sending message 112 to peer 0x5cc81f97e6a0 (9 bytes)
1737716364.545952 sending message 112 to peer 0x5cc81f97e6a0 (70 bytes)
1737716364.545960 sending message 112 to peer 0x5cc81f97e6a0 (69 bytes)
1737716364.545968 sending message 112 to peer 0x5cc81f97e6a0 (12 bytes)
1737716364.545976 sending message 112 to peer 0x5cc81f97e6a0 (10 bytes)
1737716364.545983 sending message 112 to peer 0x5cc81f97e6a0 (10 bytes)
1737716364.545991 sending message 112 to peer 0x5cc81f97e6a0 (24 bytes)
1737716364.545998 sending message 112 to peer 0x5cc81f97e6a0 (13 bytes)
1737716364.546006 sending message 112 to peer 0x5cc81f97e6a0 (10 bytes)
1737716364.546013 sending message 112 to peer 0x5cc81f97e6a0 (10 bytes)
1737716364.546021 sending message 112 to peer 0x5cc81f97e6a0 (10 bytes)
1737716364.546028 sending message 112 to peer 0x5cc81f97e6a0 (13 bytes)
1737716364.546036 sending message 112 to peer 0x5cc81f97e6a0 (15 bytes)
1737716364.546043 sending message 112 to peer 0x5cc81f97e6a0 (5 bytes)
1737716364.546053 sending message 104 to peer 0x5cc81f97e6a0 (0 bytes)
1737716364.546063 sending message 110 to peer 0x5cc81f97e6a0 (0 bytes)
1737716364.546073 sending message 107 to peer 0x5cc81f97e6a0 (4 bytes)
1737716364.546086 sending message 105 to peer 0x5cc81f97e6a0 (16 bytes)
1737716364.546094 sending message 105 to peer 0x5cc81f97e6a0 (20 bytes)
1737716364.546101 sending message 105 to peer 0x5cc81f97e6a0 (28 bytes)
1737716364.546109 sending message 105 to peer 0x5cc81f97e6a0 (42 bytes)
1737716364.546117 sending message 105 to peer 0x5cc81f97e6a0 (7 bytes)
1737716364.546124 sending message 105 to peer 0x5cc81f97e6a0 (23 bytes)
1737716364.546132 sending message 105 to peer 0x5cc81f97e6a0 (20 bytes)
1737716364.546139 sending message 105 to peer 0x5cc81f97e6a0 (42 bytes)
1737716364.546147 sending message 105 to peer 0x5cc81f97e6a0 (24 bytes)
1737716364.546154 sending message 105 to peer 0x5cc81f97e6a0 (31 bytes)
1737716364.546162 sending message 105 to peer 0x5cc81f97e6a0 (22 bytes)
1737716364.546170 sending message 105 to peer 0x5cc81f97e6a0 (13 bytes)
1737716364.546177 sending message 105 to peer 0x5cc81f97e6a0 (21 bytes)
1737716364.546192 sending message 105 to peer 0x5cc81f97e6a0 (35 bytes)
1737716364.546201 sending message 105 to peer 0x5cc81f97e6a0 (122 bytes)
1737716364.546214 sending message 105 to peer 0x5cc81f97e6a0 (15 bytes)
1737716364.546222 sending message 105 to peer 0x5cc81f97e6a0 (16 bytes)
1737716364.546230 sending message 105 to peer 0x5cc81f97e6a0 (21 bytes)
1737716364.546237 sending message 105 to peer 0x5cc81f97e6a0 (17 bytes)
1737716364.546245 sending message 105 to peer 0x5cc81f97e6a0 (1519 bytes)
1737716364.546282 sending message 105 to peer 0x5cc81f97e6a0 (32 bytes)
1737716364.546291 sending message 105 to peer 0x5cc81f97e6a0 (30 bytes)
1737716364.546299 sending message 105 to peer 0x5cc81f97e6a0 (136 bytes)
1737716364.546307 sending message 105 to peer 0x5cc81f97e6a0 (50 bytes)
1737716364.546315 sending message 105 to peer 0x5cc81f97e6a0 (31 bytes)
1737716364.546323 sending message 105 to peer 0x5cc81f97e6a0 (34 bytes)
1737716364.546331 sending message 105 to peer 0x5cc81f97e6a0 (23 bytes)
1737716364.546338 sending message 105 to peer 0x5cc81f97e6a0 (20 bytes)
1737716364.546346 sending message 105 to peer 0x5cc81f97e6a0 (30 bytes)
1737716364.546354 sending message 105 to peer 0x5cc81f97e6a0 (11 bytes)
1737716364.546362 sending message 105 to peer 0x5cc81f97e6a0 (32 bytes)
1737716364.546370 sending message 105 to peer 0x5cc81f97e6a0 (10 bytes)
1737716364.546377 sending message 105 to peer 0x5cc81f97e6a0 (38 bytes)
1737716364.546385 sending message 105 to peer 0x5cc81f97e6a0 (64 bytes)
1737716364.546393 sending message 105 to peer 0x5cc81f97e6a0 (14 bytes)
1737716364.546401 sending message 105 to peer 0x5cc81f97e6a0 (8 bytes)
1737716364.546408 sending message 105 to peer 0x5cc81f97e6a0 (25 bytes)
1737716364.546416 sending message 105 to peer 0x5cc81f97e6a0 (27 bytes)
1737716364.546424 sending message 105 to peer 0x5cc81f97e6a0 (19 bytes)
1737716364.546432 sending message 105 to peer 0x5cc81f97e6a0 (36 bytes)
1737716364.546440 sending message 105 to peer 0x5cc81f97e6a0 (50 bytes)
1737716364.546447 sending message 105 to peer 0x5cc81f97e6a0 (73 bytes)
1737716364.546456 sending message 105 to peer 0x5cc81f97e6a0 (31 bytes)
1737716364.546463 sending message 105 to peer 0x5cc81f97e6a0 (53 bytes)
1737716364.546471 sending message 105 to peer 0x5cc81f97e6a0 (33 bytes)
1737716364.546479 sending message 105 to peer 0x5cc81f97e6a0 (23 bytes)
1737716364.546486 sending message 105 to peer 0x5cc81f97e6a0 (20 bytes)
1737716364.546495 sending message 105 to peer 0x5cc81f97e6a0 (153 bytes)
1737716364.546503 sending message 105 to peer 0x5cc81f97e6a0 (82 bytes)
1737716364.546511 sending message 105 to peer 0x5cc81f97e6a0 (124 bytes)
1737716364.546519 sending message 105 to peer 0x5cc81f97e6a0 (538 bytes)
1737716364.546527 sending message 105 to peer 0x5cc81f97e6a0 (54 bytes)
1737716364.546535 sending message 105 to peer 0x5cc81f97e6a0 (23 bytes)
1737716364.546543 sending message 105 to peer 0x5cc81f97e6a0 (20 bytes)
1737716364.546551 sending message 105 to peer 0x5cc81f97e6a0 (88 bytes)
1737716364.546559 sending message 105 to peer 0x5cc81f97e6a0 (16 bytes)
1737716364.546567 sending message 106 to peer 0x5cc81f97e6a0 (0 bytes)
1737716364.546582 sending message 200 to peer 0x5cc81f97e6a0 (4 bytes)
1737716364.546589 client loop enter
1737716364.553410 peer 0x5cc81f97e6a0 message 207
1737716364.553442 sending message 208 to peer 0x5cc81f97e6a0 (0 bytes)
1737716368.631384 peer 0x5cc81f97e6a0 message 203
1737716368.631427 sending message 205 to peer 0x5cc81f97e6a0 (0 bytes)
1737716368.631975 peer 0x5cc81f97e6a0 message 204
1737716368.631996 client loop exit
